Start testing: May 20 02:26 PDT
----------------------------------------------------------
1/1 Testing: multiply_gtests
1/1 Test: multiply_gtests
Command: "/home/alex/CLionProjects/arima/cmake-build-debug/tests/simple_test"
Directory: /home/alex/CLionProjects/arima/cmake-build-debug/tests
"multiply_gtests" start time: May 20 02:26 PDT
Output:
----------------------------------------------------------
Running main() from /home/alex/CLionProjects/arima/cmake-build-debug/_deps/googletest-src/googletest/src/gtest_main.cc
[==========] Running 1 test from 1 test suite.
[----------] Global test environment set-up.
[----------] 1 test from test_calculations
[ RUN      ] test_calculations.simple_test
[       OK ] test_calculations.simple_test (0 ms)
[----------] 1 test from test_calculations (0 ms total)

[----------] Global test environment tear-down
[==========] 1 test from 1 test suite ran. (0 ms total)
[  PASSED  ] 1 test.
<end of output>
Test time =   0.00 sec
----------------------------------------------------------
Test Passed.
"multiply_gtests" end time: May 20 02:26 PDT
"multiply_gtests" time elapsed: 00:00:00
----------------------------------------------------------

End testing: May 20 02:26 PDT
